[  138019ms] [ERROR] Failed to load resource: the server responded with a status of 401 () @ https://www.kaggle.com/api/i/kernels.KernelsService/GetAcceleratorQuotaStatistics:0
[  138019ms] [ERROR] Failed to load resource: the server responded with a status of 401 () @ https://www.kaggle.com/api/i/user_secrets.UserSecretsService/ListUserSecretsMetadata:0
[  138036ms] t: Unauthenticated
    at v (https://www.kaggle.com/static/assets/app.js?v=76843c226acb2e84:1:1628134)
    at https://www.kaggle.com/static/assets/app.js?v=76843c226acb2e84:1:2415177
    at c (https://www.kaggle.com/static/assets/app.js?v=76843c226acb2e84:1:2413983)
    at Object.<anonymous> (https://www.kaggle.com/static/assets/app.js?v=76843c226acb2e84:1:2413270)
    at w (https://www.kaggle.com/static/assets/app.js?v=76843c226acb2e84:1:2411784)
    at i (https://www.kaggle.com/static/assets/app.js?v=76843c226acb2e84:1:2411981)
[  138376ms] [ERROR] Failed to load resource: the server responded with a status of 401 () @ https://www.kaggle.com/api/i/kernels.KernelsService/GetDefaultSessionSettings:0
[  138415ms] t: Unauthenticated
    at v (https://www.kaggle.com/static/assets/app.js?v=76843c226acb2e84:1:1628134)
    at https://www.kaggle.com/static/assets/app.js?v=76843c226acb2e84:1:2415177
    at c (https://www.kaggle.com/static/assets/app.js?v=76843c226acb2e84:1:2413983)
    at Object.<anonymous> (https://www.kaggle.com/static/assets/app.js?v=76843c226acb2e84:1:2413270)
    at w (https://www.kaggle.com/static/assets/app.js?v=76843c226acb2e84:1:2411784)
    at i (https://www.kaggle.com/static/assets/app.js?v=76843c226acb2e84:1:2411981)
[  139315ms] [WARNING] Navigo router library will have soon a major upgrade to version 8.0.0. If you don't have time for such migration please stick with the latest 7.1.2 version. To avoid seeing this message set a strict 7.1.2 in your package.json file. @ https://kkb-production.jupyter-proxy.kaggle.net/static/assets/jupyterlabinjected.bbf786da3cdb99cb.js?bea433c32fc56d25:6
[  139584ms] [ERROR] Yjs was already imported. This breaks constructor checks and will lead to issues! - https://github.com/yjs/yjs/issues/438 @ https://kkb-production.jupyter-proxy.kaggle.net/static/dist/jupyterlab/v-dd191da75eaf47ebd98e8d4b4aa37398/notebook/7957.bundle.js:0
[  139937ms] [WARNING] Language pack 'en_US' not installed! @ https://kkb-production.jupyter-proxy.kaggle.net/static/dist/jupyterlab/v-dd191da75eaf47ebd98e8d4b4aa37398/notebook/7819.bundle.js:0
[  139955ms] [WARNING] Deprecated shortcut selectors: ".jp-Notebook:focus" was replaced with ".jp-Notebook.jp-mod-commandMode:not(.jp-mod-readWrite) :focus" in JupyterLab 4.1 (present in ".jp-Notebook:focus")
".jp-Notebook:focus.jp-mod-commandMode" was replaced with ".jp-Notebook.jp-mod-commandMode:not(.jp-mod-readWrite) :focus" in JupyterLab 4.1 (present in ".jp-Notebook:focus.jp-mod-commandMode")

The selectors will be substituted transparently this time, but need to be updated at source before next major release. @ https://kkb-production.jupyter-proxy.kaggle.net/static/dist/jupyterlab/v-dd191da75eaf47ebd98e8d4b4aa37398/notebook/5649.bundle.js:0
[  139976ms] [WARNING] Deprecated shortcut selectors: "[data-jp-kernel-user]:focus" was replaced with "[data-jp-kernel-user]:not(.jp-mod-readWrite) :focus:not(:read-write)" in JupyterLab 4.1 (present in "[data-jp-kernel-user]:focus")

The selectors will be substituted transparently this time, but need to be updated at source before next major release. @ https://kkb-production.jupyter-proxy.kaggle.net/static/dist/jupyterlab/v-dd191da75eaf47ebd98e8d4b4aa37398/notebook/5649.bundle.js:0
[  139996ms] [WARNING] Completion provider with identifier CompletionProvider:context is already registered @ https://kkb-production.jupyter-proxy.kaggle.net/static/dist/jupyterlab/v-dd191da75eaf47ebd98e8d4b4aa37398/notebook/2944.bundle.js:0
[  139996ms] [WARNING] Completion provider with identifier CompletionProvider:kernel is already registered @ https://kkb-production.jupyter-proxy.kaggle.net/static/dist/jupyterlab/v-dd191da75eaf47ebd98e8d4b4aa37398/notebook/2944.bundle.js:0
[  140090ms] [WARNING] Could not retrieve current context null @ https://kkb-production.jupyter-proxy.kaggle.net/static/dist/jupyterlab/v-dd191da75eaf47ebd98e8d4b4aa37398/lab/extensions/@jupyter-lsp/jupyterlab-lsp/static/661.bd239b6ff6d2fd9fcb36.js?v=bd239b6ff6d2fd9fcb36:0
[  140099ms] [WARNING] Could not retrieve current context null @ https://kkb-production.jupyter-proxy.kaggle.net/static/dist/jupyterlab/v-dd191da75eaf47ebd98e8d4b4aa37398/lab/extensions/@jupyter-lsp/jupyterlab-lsp/static/661.bd239b6ff6d2fd9fcb36.js?v=bd239b6ff6d2fd9fcb36:0
[  140102ms] [WARNING] Could not retrieve current context null @ https://kkb-production.jupyter-proxy.kaggle.net/static/dist/jupyterlab/v-dd191da75eaf47ebd98e8d4b4aa37398/lab/extensions/@jupyter-lsp/jupyterlab-lsp/static/661.bd239b6ff6d2fd9fcb36.js?v=bd239b6ff6d2fd9fcb36:0
[  140107ms] [WARNING] [Object] @ :0
[  140124ms] [WARNING] TypeError: Cannot convert undefined or null to object
    at Object.entries (<anonymous>)
    at Z.fetchSessions (https://kkb-production.jupyter-proxy.kaggle.net/static/dist/jupyterlab/v-dd191da75eaf47ebd98e8d4b4aa37398/notebook/3512.bundle.js:1:32855) @ https://kkb-production.jupyter-proxy.kaggle.net/static/dist/jupyterlab/v-dd191da75eaf47ebd98e8d4b4aa37398/notebook/3512.bundle.js:0
[  140128ms] [WARNING] Could not retrieve current context null @ https://kkb-production.jupyter-proxy.kaggle.net/static/dist/jupyterlab/v-dd191da75eaf47ebd98e8d4b4aa37398/lab/extensions/@jupyter-lsp/jupyterlab-lsp/static/661.bd239b6ff6d2fd9fcb36.js?v=bd239b6ff6d2fd9fcb36:0
[  140130ms] [WARNING] Could not retrieve current context null @ https://kkb-production.jupyter-proxy.kaggle.net/static/dist/jupyterlab/v-dd191da75eaf47ebd98e8d4b4aa37398/lab/extensions/@jupyter-lsp/jupyterlab-lsp/static/661.bd239b6ff6d2fd9fcb36.js?v=bd239b6ff6d2fd9fcb36:0
[  140132ms] Error: Handler not found for Jupyter API interception: GET - https://kkb-production.jupyter-proxy.kaggle.net/lab/api/settings/@jupyter-widgets/jupyterlab-manager:plugin?1770584886944
    at https://kkb-production.jupyter-proxy.kaggle.net/static/assets/jupyterlabinjected.bbf786da3cdb99cb.js?bea433c32fc56d25:7:601699
[  140141ms] Error: Handler not found for Jupyter API interception: GET - https://kkb-production.jupyter-proxy.kaggle.net/lab/api/settings/@jupyterlab/completer-extension:inline-completer?1770584886945
    at https://kkb-production.jupyter-proxy.kaggle.net/static/assets/jupyterlabinjected.bbf786da3cdb99cb.js?bea433c32fc56d25:7:601699
[  140142ms] [ERROR] WebSocket connection to 'wss://kkb-production.jupyter-proxy.kaggle.net/api/events/subscribe' failed: Error during WebSocket handshake: Unexpected response code: 404 @ https://kkb-production.jupyter-proxy.kaggle.net/static/dist/jupyterlab/v-dd191da75eaf47ebd98e8d4b4aa37398/notebook/3676.bundle.js:0
[  140144ms] [WARNING] Could not retrieve current context null @ https://kkb-production.jupyter-proxy.kaggle.net/static/dist/jupyterlab/v-dd191da75eaf47ebd98e8d4b4aa37398/lab/extensions/@jupyter-lsp/jupyterlab-lsp/static/661.bd239b6ff6d2fd9fcb36.js?v=bd239b6ff6d2fd9fcb36:0
[  140151ms] [WARNING] Could not retrieve current context null @ https://kkb-production.jupyter-proxy.kaggle.net/static/dist/jupyterlab/v-dd191da75eaf47ebd98e8d4b4aa37398/lab/extensions/@jupyter-lsp/jupyterlab-lsp/static/661.bd239b6ff6d2fd9fcb36.js?v=bd239b6ff6d2fd9fcb36:0
[  140192ms] [WARNING] Could not retrieve current context null @ https://kkb-production.jupyter-proxy.kaggle.net/static/dist/jupyterlab/v-dd191da75eaf47ebd98e8d4b4aa37398/lab/extensions/@jupyter-lsp/jupyterlab-lsp/static/661.bd239b6ff6d2fd9fcb36.js?v=bd239b6ff6d2fd9fcb36:0
[  140681ms] [WARNING] Could not retrieve current context P @ https://kkb-production.jupyter-proxy.kaggle.net/static/dist/jupyterlab/v-dd191da75eaf47ebd98e8d4b4aa37398/lab/extensions/@jupyter-lsp/jupyterlab-lsp/static/661.bd239b6ff6d2fd9fcb36.js?v=bd239b6ff6d2fd9fcb36:0
[  140705ms] Error: Unexpected result from Jupyter API interception: PUT - https://kkb-production.jupyter-proxy.kaggle.net/lab/api/settings/@jupyterlab/docmanager-extension:plugin?1770584887514 {"status":500,"statusText":"","text":"'PUT' not implemented for this handler","headers":{"content-type":"text/plain;charset=UTF-8"}}
    at https://kkb-production.jupyter-proxy.kaggle.net/static/assets/jupyterlabinjected.bbf786da3cdb99cb.js?bea433c32fc56d25:7:601839
[  140706ms] Error: Unexpected result from Jupyter API interception: PUT - https://kkb-production.jupyter-proxy.kaggle.net/lab/api/settings/@jupyterlab/docmanager-extension:plugin?1770584887515 {"status":500,"statusText":"","text":"'PUT' not implemented for this handler","headers":{"content-type":"text/plain;charset=UTF-8"}}
    at https://kkb-production.jupyter-proxy.kaggle.net/static/assets/jupyterlabinjected.bbf786da3cdb99cb.js?bea433c32fc56d25:7:601839
[  140722ms] [WARNING] Could not retrieve current context P @ https://kkb-production.jupyter-proxy.kaggle.net/static/dist/jupyterlab/v-dd191da75eaf47ebd98e8d4b4aa37398/lab/extensions/@jupyter-lsp/jupyterlab-lsp/static/661.bd239b6ff6d2fd9fcb36.js?v=bd239b6ff6d2fd9fcb36:0
[  141030ms] [ERROR] WebSocket connection to 'wss://kkb-production.jupyter-proxy.kaggle.net/api/events/subscribe' failed: Error during WebSocket handshake: Unexpected response code: 404 @ https://kkb-production.jupyter-proxy.kaggle.net/static/dist/jupyterlab/v-dd191da75eaf47ebd98e8d4b4aa37398/notebook/3676.bundle.js:0
[  141683ms] [WARNING] Could not retrieve current context P @ https://kkb-production.jupyter-proxy.kaggle.net/static/dist/jupyterlab/v-dd191da75eaf47ebd98e8d4b4aa37398/lab/extensions/@jupyter-lsp/jupyterlab-lsp/static/661.bd239b6ff6d2fd9fcb36.js?v=bd239b6ff6d2fd9fcb36:0
[  141702ms] [WARNING] Could not retrieve current context P @ https://kkb-production.jupyter-proxy.kaggle.net/static/dist/jupyterlab/v-dd191da75eaf47ebd98e8d4b4aa37398/lab/extensions/@jupyter-lsp/jupyterlab-lsp/static/661.bd239b6ff6d2fd9fcb36.js?v=bd239b6ff6d2fd9fcb36:0
[  141740ms] [WARNING] Could not retrieve current context P @ https://kkb-production.jupyter-proxy.kaggle.net/static/dist/jupyterlab/v-dd191da75eaf47ebd98e8d4b4aa37398/lab/extensions/@jupyter-lsp/jupyterlab-lsp/static/661.bd239b6ff6d2fd9fcb36.js?v=bd239b6ff6d2fd9fcb36:0
[  142391ms] [ERROR] WebSocket connection to 'wss://kkb-production.jupyter-proxy.kaggle.net/api/events/subscribe' failed: Error during WebSocket handshake: Unexpected response code: 404 @ https://kkb-production.jupyter-proxy.kaggle.net/static/dist/jupyterlab/v-dd191da75eaf47ebd98e8d4b4aa37398/notebook/3676.bundle.js:0
[  145473ms] [ERROR] WebSocket connection to 'wss://kkb-production.jupyter-proxy.kaggle.net/api/events/subscribe' failed: Error during WebSocket handshake: Unexpected response code: 404 @ https://kkb-production.jupyter-proxy.kaggle.net/static/dist/jupyterlab/v-dd191da75eaf47ebd98e8d4b4aa37398/notebook/3676.bundle.js:0
[  153655ms] [ERROR] WebSocket connection to 'wss://kkb-production.jupyter-proxy.kaggle.net/api/events/subscribe' failed: Error during WebSocket handshake: Unexpected response code: 404 @ https://kkb-production.jupyter-proxy.kaggle.net/static/dist/jupyterlab/v-dd191da75eaf47ebd98e8d4b4aa37398/notebook/3676.bundle.js:0
[  158452ms] [ERROR] Failed to load resource: the server responded with a status of 401 () @ https://www.kaggle.com/api/i/user_secrets.UserSecretsService/GetGitHubAccessInfo:0
[  160910ms] [ERROR] WebSocket connection to 'wss://kkb-production.jupyter-proxy.kaggle.net/api/events/subscribe' failed: Error during WebSocket handshake: Unexpected response code: 404 @ https://kkb-production.jupyter-proxy.kaggle.net/static/dist/jupyterlab/v-dd191da75eaf47ebd98e8d4b4aa37398/notebook/3676.bundle.js:0
[  162568ms] [ERROR] WebSocket connection to 'wss://kkb-production.jupyter-proxy.kaggle.net/api/events/subscribe' failed: Error during WebSocket handshake: Unexpected response code: 404 @ https://kkb-production.jupyter-proxy.kaggle.net/static/dist/jupyterlab/v-dd191da75eaf47ebd98e8d4b4aa37398/notebook/3676.bundle.js:0
[  164699ms] [ERROR] WebSocket connection to 'wss://kkb-production.jupyter-proxy.kaggle.net/api/events/subscribe' failed: Error during WebSocket handshake: Unexpected response code: 404 @ https://kkb-production.jupyter-proxy.kaggle.net/static/dist/jupyterlab/v-dd191da75eaf47ebd98e8d4b4aa37398/notebook/3676.bundle.js:0
[  168722ms] [ERROR] WebSocket connection to 'wss://kkb-production.jupyter-proxy.kaggle.net/api/events/subscribe' failed: Error during WebSocket handshake: Unexpected response code: 404 @ https://kkb-production.jupyter-proxy.kaggle.net/static/dist/jupyterlab/v-dd191da75eaf47ebd98e8d4b4aa37398/notebook/3676.bundle.js:0
[  172896ms] [ERROR] WebSocket connection to 'wss://kkb-production.jupyter-proxy.kaggle.net/api/events/subscribe' failed: Error during WebSocket handshake: Unexpected response code: 404 @ https://kkb-production.jupyter-proxy.kaggle.net/static/dist/jupyterlab/v-dd191da75eaf47ebd98e8d4b4aa37398/notebook/3676.bundle.js:0
[  178486ms] [ERROR] WebSocket connection to 'wss://kkb-production.jupyter-proxy.kaggle.net/api/events/subscribe' failed: Error during WebSocket handshake: Unexpected response code: 404 @ https://kkb-production.jupyter-proxy.kaggle.net/static/dist/jupyterlab/v-dd191da75eaf47ebd98e8d4b4aa37398/notebook/3676.bundle.js:0
[  182457ms] [ERROR] WebSocket connection to 'wss://kkb-production.jupyter-proxy.kaggle.net/api/events/subscribe' failed: Error during WebSocket handshake: Unexpected response code: 404 @ https://kkb-production.jupyter-proxy.kaggle.net/static/dist/jupyterlab/v-dd191da75eaf47ebd98e8d4b4aa37398/notebook/3676.bundle.js:0
[  184059ms] [ERROR] WebSocket connection to 'wss://kkb-production.jupyter-proxy.kaggle.net/api/events/subscribe' failed: Error during WebSocket handshake: Unexpected response code: 404 @ https://kkb-production.jupyter-proxy.kaggle.net/static/dist/jupyterlab/v-dd191da75eaf47ebd98e8d4b4aa37398/notebook/3676.bundle.js:0
[  186467ms] [ERROR] WebSocket connection to 'wss://kkb-production.jupyter-proxy.kaggle.net/api/events/subscribe' failed: Error during WebSocket handshake: Unexpected response code: 404 @ https://kkb-production.jupyter-proxy.kaggle.net/static/dist/jupyterlab/v-dd191da75eaf47ebd98e8d4b4aa37398/notebook/3676.bundle.js:0
[  189301ms] [ERROR] WebSocket connection to 'wss://kkb-production.jupyter-proxy.kaggle.net/api/events/subscribe' failed: Error during WebSocket handshake: Unexpected response code: 404 @ https://kkb-production.jupyter-proxy.kaggle.net/static/dist/jupyterlab/v-dd191da75eaf47ebd98e8d4b4aa37398/notebook/3676.bundle.js:0
[  196572ms] [ERROR] WebSocket connection to 'wss://kkb-production.jupyter-proxy.kaggle.net/api/events/subscribe' failed: Error during WebSocket handshake: Unexpected response code: 404 @ https://kkb-production.jupyter-proxy.kaggle.net/static/dist/jupyterlab/v-dd191da75eaf47ebd98e8d4b4aa37398/notebook/3676.bundle.js:0
[  207959ms] [ERROR] WebSocket connection to 'wss://kkb-production.jupyter-proxy.kaggle.net/api/events/subscribe' failed: Error during WebSocket handshake: Unexpected response code: 404 @ https://kkb-production.jupyter-proxy.kaggle.net/static/dist/jupyterlab/v-dd191da75eaf47ebd98e8d4b4aa37398/notebook/3676.bundle.js:0
[  219980ms] [ERROR] WebSocket connection to 'wss://kkb-production.jupyter-proxy.kaggle.net/api/events/subscribe' failed: Error during WebSocket handshake: Unexpected response code: 404 @ https://kkb-production.jupyter-proxy.kaggle.net/static/dist/jupyterlab/v-dd191da75eaf47ebd98e8d4b4aa37398/notebook/3676.bundle.js:0
[  237355ms] [WARNING] Could not retrieve current context P @ https://kkb-production.jupyter-proxy.kaggle.net/static/dist/jupyterlab/v-dd191da75eaf47ebd98e8d4b4aa37398/lab/extensions/@jupyter-lsp/jupyterlab-lsp/static/661.bd239b6ff6d2fd9fcb36.js?v=bd239b6ff6d2fd9fcb36:0
[  237484ms] TypeError: Cannot read properties of null (reading 'onAfterShow')
    at bt (https://kkb-production.jupyter-proxy.kaggle.net/static/assets/jupyterlabinjected.bbf786da3cdb99cb.js?bea433c32fc56d25:10:356274)
    at https://kkb-production.jupyter-proxy.kaggle.net/static/assets/jupyterlabinjected.bbf786da3cdb99cb.js?bea433c32fc56d25:10:358336
    at Array.forEach (<anonymous>)
    at https://kkb-production.jupyter-proxy.kaggle.net/static/assets/jupyterlabinjected.bbf786da3cdb99cb.js?bea433c32fc56d25:10:358308
    at u (https://kkb-production.jupyter-proxy.kaggle.net/static/assets/jupyterlabinjected.bbf786da3cdb99cb.js?bea433c32fc56d25:10:357779)
    at Object.<anonymous> (https://kkb-production.jupyter-proxy.kaggle.net/static/assets/jupyterlabinjected.bbf786da3cdb99cb.js?bea433c32fc56d25:10:357066)
    at bn (https://kkb-production.jupyter-proxy.kaggle.net/static/assets/jupyterlabinjected.bbf786da3cdb99cb.js?bea433c32fc56d25:10:356386)
    at s (https://kkb-production.jupyter-proxy.kaggle.net/static/assets/jupyterlabinjected.bbf786da3cdb99cb.js?bea433c32fc56d25:10:356584)
[  242074ms] [ERROR] WebSocket connection to 'wss://kkb-production.jupyter-proxy.kaggle.net/api/events/subscribe' failed: Error during WebSocket handshake: Unexpected response code: 404 @ https://kkb-production.jupyter-proxy.kaggle.net/static/dist/jupyterlab/v-dd191da75eaf47ebd98e8d4b4aa37398/notebook/3676.bundle.js:0
[  255097ms] [ERROR] WebSocket connection to 'wss://kkb-production.jupyter-proxy.kaggle.net/api/events/subscribe' failed: Error during WebSocket handshake: Unexpected response code: 404 @ https://kkb-production.jupyter-proxy.kaggle.net/static/dist/jupyterlab/v-dd191da75eaf47ebd98e8d4b4aa37398/notebook/3676.bundle.js:0
